2024-12-08T02:58:38: PM2 log: ===============================================================================
2024-12-08T02:58:38: PM2 log: --- New PM2 Daemon started ----------------------------------------------------
2024-12-08T02:58:38: PM2 log: Time                 : Sun Dec 08 2024 02:58:38 GMT+0000 (Coordinated Universal Time)
2024-12-08T02:58:38: PM2 log: PM2 version          : 5.4.3
2024-12-08T02:58:38: PM2 log: Node.js version      : 18.19.1
2024-12-08T02:58:38: PM2 log: Current arch         : x64
2024-12-08T02:58:38: PM2 log: PM2 home             : /root/.pm2
2024-12-08T02:58:38: PM2 log: PM2 PID file         : /root/.pm2/pm2.pid
2024-12-08T02:58:38: PM2 log: RPC socket file      : /root/.pm2/rpc.sock
2024-12-08T02:58:38: PM2 log: BUS socket file      : /root/.pm2/pub.sock
2024-12-08T02:58:38: PM2 log: Application log path : /root/.pm2/logs
2024-12-08T02:58:38: PM2 log: Worker Interval      : 30000
2024-12-08T02:58:38: PM2 log: Process dump file    : /root/.pm2/dump.pm2
2024-12-08T02:58:38: PM2 log: Concurrent actions   : 2
2024-12-08T02:58:38: PM2 log: SIGTERM timeout      : 1600
2024-12-08T02:58:38: PM2 log: ===============================================================================
2024-12-08T02:58:39: PM2 log: App [server:0] starting in -fork mode-
2024-12-08T02:58:39: PM2 log: App [server:0] online
2024-12-08T02:59:09: PM2 log: App [server:0] exited with code [1] via signal [SIGINT]
2024-12-08T02:59:09: PM2 log: App [server:0] starting in -fork mode-
2024-12-08T02:59:09: PM2 log: App [server:0] online
2024-12-08T02:59:41: PM2 log: App [server:0] exited with code [1] via signal [SIGINT]
2024-12-08T02:59:41: PM2 log: App [server:0] starting in -fork mode-
2024-12-08T02:59:41: PM2 log: App [server:0] online
2024-12-08T03:00:12: PM2 log: App [server:0] exited with code [1] via signal [SIGINT]
2024-12-08T03:00:12: PM2 log: App [server:0] starting in -fork mode-
2024-12-08T03:00:12: PM2 log: App [server:0] online
2024-12-08T03:00:43: PM2 log: App [server:0] exited with code [1] via signal [SIGINT]
2024-12-08T03:00:43: PM2 log: App [server:0] starting in -fork mode-
2024-12-08T03:00:43: PM2 log: App [server:0] online
2024-12-08T03:01:13: PM2 log: App [server:0] exited with code [1] via signal [SIGINT]
2024-12-08T03:01:13: PM2 log: App [server:0] starting in -fork mode-
2024-12-08T03:01:13: PM2 error: Error [ERR_STREAM_DESTROYED]: Cannot call write after a stream was destroyed
2024-12-08T03:01:13: PM2 log: App [server:0] online
2024-12-08T03:01:44: PM2 log: App [server:0] exited with code [1] via signal [SIGINT]
2024-12-08T03:01:44: PM2 log: App [server:0] starting in -fork mode-
2024-12-08T03:01:44: PM2 log: App [server:0] online
2024-12-08T03:02:15: PM2 log: App [server:0] exited with code [1] via signal [SIGINT]
2024-12-08T03:02:15: PM2 log: App [server:0] starting in -fork mode-
2024-12-08T03:02:15: PM2 log: App [server:0] online
2024-12-08T03:02:47: PM2 log: App [server:0] exited with code [1] via signal [SIGINT]
2024-12-08T03:02:47: PM2 log: App [server:0] starting in -fork mode-
2024-12-08T03:02:47: PM2 log: App [server:0] online
2024-12-08T03:03:17: PM2 log: App [server:0] exited with code [1] via signal [SIGINT]
2024-12-08T03:03:17: PM2 log: App [server:0] starting in -fork mode-
2024-12-08T03:03:17: PM2 log: App [server:0] online
2024-12-08T03:03:48: PM2 log: App [server:0] exited with code [1] via signal [SIGINT]
2024-12-08T03:03:48: PM2 log: App [server:0] starting in -fork mode-
2024-12-08T03:03:48: PM2 log: App [server:0] online
2024-12-08T03:04:19: PM2 log: App [server:0] exited with code [1] via signal [SIGINT]
2024-12-08T03:04:19: PM2 log: App [server:0] starting in -fork mode-
2024-12-08T03:04:19: PM2 log: App [server:0] online
2024-12-08T03:04:49: PM2 log: App [server:0] exited with code [1] via signal [SIGINT]
2024-12-08T03:04:49: PM2 log: App [server:0] starting in -fork mode-
2024-12-08T03:04:49: PM2 log: App [server:0] online
2024-12-08T03:05:20: PM2 log: App [server:0] exited with code [1] via signal [SIGINT]
2024-12-08T03:05:20: PM2 log: App [server:0] starting in -fork mode-
2024-12-08T03:05:20: PM2 log: App [server:0] online
2024-12-08T03:05:51: PM2 log: App [server:0] exited with code [1] via signal [SIGINT]
2024-12-08T03:05:51: PM2 log: App [server:0] starting in -fork mode-
2024-12-08T03:05:51: PM2 log: App [server:0] online
2024-12-08T03:06:21: PM2 log: App [server:0] exited with code [1] via signal [SIGINT]
2024-12-08T03:06:21: PM2 log: App [server:0] starting in -fork mode-
2024-12-08T03:06:21: PM2 log: App [server:0] online
2024-12-08T03:06:52: PM2 log: App [server:0] exited with code [1] via signal [SIGINT]
2024-12-08T03:06:52: PM2 log: App [server:0] starting in -fork mode-
2024-12-08T03:06:52: PM2 log: App [server:0] online
2024-12-08T03:07:23: PM2 log: App [server:0] exited with code [1] via signal [SIGINT]
2024-12-08T03:07:23: PM2 log: App [server:0] starting in -fork mode-
2024-12-08T03:07:23: PM2 log: App [server:0] online
2024-12-08T03:07:53: PM2 log: App [server:0] exited with code [1] via signal [SIGINT]
2024-12-08T03:07:53: PM2 log: App [server:0] starting in -fork mode-
2024-12-08T03:07:53: PM2 log: App [server:0] online
2024-12-08T03:08:24: PM2 log: App [server:0] exited with code [1] via signal [SIGINT]
2024-12-08T03:08:24: PM2 log: App [server:0] starting in -fork mode-
2024-12-08T03:08:24: PM2 log: App [server:0] online
2024-12-08T03:08:55: PM2 log: App [server:0] exited with code [1] via signal [SIGINT]
2024-12-08T03:08:55: PM2 log: App [server:0] starting in -fork mode-
2024-12-08T03:08:55: PM2 log: App [server:0] online
2024-12-08T03:09:26: PM2 log: App [server:0] exited with code [1] via signal [SIGINT]
2024-12-08T03:09:26: PM2 log: App [server:0] starting in -fork mode-
2024-12-08T03:09:26: PM2 log: App [server:0] online
2024-12-08T03:09:56: PM2 log: App [server:0] exited with code [1] via signal [SIGINT]
2024-12-08T03:09:56: PM2 log: App [server:0] starting in -fork mode-
2024-12-08T03:09:56: PM2 log: App [server:0] online
2024-12-08T03:10:27: PM2 log: App [server:0] exited with code [1] via signal [SIGINT]
2024-12-08T03:10:27: PM2 log: App [server:0] starting in -fork mode-
2024-12-08T03:10:27: PM2 log: App [server:0] online
2024-12-08T03:10:57: PM2 log: App [server:0] exited with code [1] via signal [SIGINT]
2024-12-08T03:10:57: PM2 log: App [server:0] starting in -fork mode-
2024-12-08T03:10:57: PM2 log: App [server:0] online
2024-12-08T03:11:30: PM2 log: App [server:0] exited with code [1] via signal [SIGINT]
2024-12-08T03:11:30: PM2 log: App [server:0] starting in -fork mode-
2024-12-08T03:11:30: PM2 log: App [server:0] online
2024-12-08T03:12:00: PM2 log: App [server:0] exited with code [1] via signal [SIGINT]
2024-12-08T03:12:00: PM2 log: App [server:0] starting in -fork mode-
2024-12-08T03:12:00: PM2 log: App [server:0] online
2024-12-08T03:12:31: PM2 log: App [server:0] exited with code [1] via signal [SIGINT]
2024-12-08T03:12:31: PM2 log: App [server:0] starting in -fork mode-
2024-12-08T03:12:31: PM2 log: App [server:0] online
2024-12-08T03:13:02: PM2 log: App [server:0] exited with code [1] via signal [SIGINT]
2024-12-08T03:13:02: PM2 log: App [server:0] starting in -fork mode-
2024-12-08T03:13:02: PM2 log: App [server:0] online
2024-12-08T03:13:32: PM2 log: App [server:0] exited with code [1] via signal [SIGINT]
2024-12-08T03:13:32: PM2 log: App [server:0] starting in -fork mode-
2024-12-08T03:13:32: PM2 log: App [server:0] online
2024-12-08T03:14:03: PM2 log: App [server:0] exited with code [1] via signal [SIGINT]
2024-12-08T03:14:03: PM2 log: App [server:0] starting in -fork mode-
2024-12-08T03:14:03: PM2 log: App [server:0] online
2024-12-08T03:14:34: PM2 log: App [server:0] exited with code [1] via signal [SIGINT]
2024-12-08T03:14:34: PM2 log: App [server:0] starting in -fork mode-
2024-12-08T03:14:34: PM2 log: App [server:0] online
2024-12-08T03:15:04: PM2 log: App [server:0] exited with code [1] via signal [SIGINT]
2024-12-08T03:15:04: PM2 log: App [server:0] starting in -fork mode-
2024-12-08T03:15:04: PM2 log: App [server:0] online
2024-12-08T03:15:35: PM2 log: App [server:0] exited with code [1] via signal [SIGINT]
2024-12-08T03:15:35: PM2 log: App [server:0] starting in -fork mode-
2024-12-08T03:15:35: PM2 log: App [server:0] online
2024-12-08T03:16:06: PM2 log: App [server:0] exited with code [1] via signal [SIGINT]
2024-12-08T03:16:06: PM2 log: App [server:0] starting in -fork mode-
2024-12-08T03:16:06: PM2 log: App [server:0] online
2024-12-08T03:16:36: PM2 log: App [server:0] exited with code [1] via signal [SIGINT]
2024-12-08T03:16:36: PM2 log: App [server:0] starting in -fork mode-
2024-12-08T03:16:36: PM2 log: App [server:0] online
2024-12-08T03:17:07: PM2 log: App [server:0] exited with code [1] via signal [SIGINT]
2024-12-08T03:17:07: PM2 log: App [server:0] starting in -fork mode-
2024-12-08T03:17:07: PM2 log: App [server:0] online
2024-12-08T03:17:38: PM2 log: App [server:0] exited with code [1] via signal [SIGINT]
2024-12-08T03:17:38: PM2 log: App [server:0] starting in -fork mode-
2024-12-08T03:17:38: PM2 log: App [server:0] online
2024-12-08T03:18:08: PM2 log: App [server:0] exited with code [1] via signal [SIGINT]
2024-12-08T03:18:08: PM2 log: App [server:0] starting in -fork mode-
2024-12-08T03:18:08: PM2 log: App [server:0] online
2024-12-08T03:18:39: PM2 log: App [server:0] exited with code [1] via signal [SIGINT]
2024-12-08T03:18:39: PM2 log: App [server:0] starting in -fork mode-
2024-12-08T03:18:39: PM2 log: App [server:0] online
2024-12-08T03:19:10: PM2 log: App [server:0] exited with code [1] via signal [SIGINT]
2024-12-08T03:19:10: PM2 log: App [server:0] starting in -fork mode-
2024-12-08T03:19:10: PM2 log: App [server:0] online
2024-12-08T03:19:40: PM2 log: App [server:0] exited with code [1] via signal [SIGINT]
2024-12-08T03:19:40: PM2 log: App [server:0] starting in -fork mode-
2024-12-08T03:19:40: PM2 log: App [server:0] online
2024-12-08T03:20:11: PM2 log: App [server:0] exited with code [1] via signal [SIGINT]
2024-12-08T03:20:11: PM2 log: App [server:0] starting in -fork mode-
2024-12-08T03:20:11: PM2 log: App [server:0] online
2024-12-08T03:20:42: PM2 log: App [server:0] exited with code [1] via signal [SIGINT]
2024-12-08T03:20:42: PM2 log: App [server:0] starting in -fork mode-
2024-12-08T03:20:42: PM2 log: App [server:0] online
2024-12-08T03:21:12: PM2 log: App [server:0] exited with code [1] via signal [SIGINT]
2024-12-08T03:21:12: PM2 log: App [server:0] starting in -fork mode-
2024-12-08T03:21:12: PM2 log: App [server:0] online
2024-12-08T03:21:43: PM2 log: App [server:0] exited with code [1] via signal [SIGINT]
2024-12-08T03:21:43: PM2 log: App [server:0] starting in -fork mode-
2024-12-08T03:21:43: PM2 log: App [server:0] online
2024-12-08T03:22:14: PM2 log: App [server:0] exited with code [1] via signal [SIGINT]
2024-12-08T03:22:14: PM2 log: App [server:0] starting in -fork mode-
2024-12-08T03:22:14: PM2 log: App [server:0] online
2024-12-08T03:22:44: PM2 log: App [server:0] exited with code [1] via signal [SIGINT]
2024-12-08T03:22:44: PM2 log: App [server:0] starting in -fork mode-
2024-12-08T03:22:44: PM2 log: App [server:0] online
2024-12-08T03:23:15: PM2 log: App [server:0] exited with code [1] via signal [SIGINT]
2024-12-08T03:23:15: PM2 log: App [server:0] starting in -fork mode-
2024-12-08T03:23:15: PM2 log: App [server:0] online
2024-12-08T03:23:46: PM2 log: App [server:0] exited with code [1] via signal [SIGINT]
2024-12-08T03:23:46: PM2 log: App [server:0] starting in -fork mode-
2024-12-08T03:23:46: PM2 log: App [server:0] online
2024-12-08T03:24:16: PM2 log: App [server:0] exited with code [1] via signal [SIGINT]
2024-12-08T03:24:16: PM2 log: App [server:0] starting in -fork mode-
2024-12-08T03:24:16: PM2 log: App [server:0] online
2024-12-08T03:24:47: PM2 log: App [server:0] exited with code [1] via signal [SIGINT]
2024-12-08T03:24:47: PM2 log: App [server:0] starting in -fork mode-
2024-12-08T03:24:47: PM2 log: App [server:0] online
2024-12-08T03:25:18: PM2 log: App [server:0] exited with code [1] via signal [SIGINT]
2024-12-08T03:25:18: PM2 log: App [server:0] starting in -fork mode-
2024-12-08T03:25:18: PM2 log: App [server:0] online
2024-12-08T03:25:48: PM2 log: App [server:0] exited with code [1] via signal [SIGINT]
2024-12-08T03:25:48: PM2 log: App [server:0] starting in -fork mode-
2024-12-08T03:25:48: PM2 log: App [server:0] online
2024-12-08T03:26:19: PM2 log: App [server:0] exited with code [1] via signal [SIGINT]
2024-12-08T03:26:19: PM2 log: App [server:0] starting in -fork mode-
2024-12-08T03:26:19: PM2 log: App [server:0] online
2024-12-08T03:26:50: PM2 log: App [server:0] exited with code [1] via signal [SIGINT]
2024-12-08T03:26:50: PM2 log: App [server:0] starting in -fork mode-
2024-12-08T03:26:50: PM2 log: App [server:0] online
2024-12-08T03:27:20: PM2 log: App [server:0] exited with code [1] via signal [SIGINT]
2024-12-08T03:27:20: PM2 log: App [server:0] starting in -fork mode-
2024-12-08T03:27:20: PM2 log: App [server:0] online
2024-12-08T03:27:51: PM2 log: App [server:0] exited with code [1] via signal [SIGINT]
2024-12-08T03:27:51: PM2 log: App [server:0] starting in -fork mode-
2024-12-08T03:27:51: PM2 log: App [server:0] online
2024-12-08T03:28:21: PM2 log: App [server:0] exited with code [1] via signal [SIGINT]
2024-12-08T03:28:21: PM2 log: App [server:0] starting in -fork mode-
2024-12-08T03:28:21: PM2 log: App [server:0] online
2024-12-08T03:28:52: PM2 log: App [server:0] exited with code [1] via signal [SIGINT]
2024-12-08T03:28:52: PM2 log: App [server:0] starting in -fork mode-
2024-12-08T03:28:52: PM2 log: App [server:0] online
2024-12-08T03:29:23: PM2 log: App [server:0] exited with code [1] via signal [SIGINT]
2024-12-08T03:29:23: PM2 log: App [server:0] starting in -fork mode-
2024-12-08T03:29:23: PM2 log: App [server:0] online
2024-12-08T03:29:53: PM2 log: App [server:0] exited with code [1] via signal [SIGINT]
2024-12-08T03:29:53: PM2 log: App [server:0] starting in -fork mode-
2024-12-08T03:29:53: PM2 log: App [server:0] online
2024-12-08T03:30:24: PM2 log: App [server:0] exited with code [1] via signal [SIGINT]
2024-12-08T03:30:24: PM2 log: App [server:0] starting in -fork mode-
2024-12-08T03:30:24: PM2 log: App [server:0] online
2024-12-08T03:30:55: PM2 log: App [server:0] exited with code [1] via signal [SIGINT]
2024-12-08T03:30:55: PM2 log: App [server:0] starting in -fork mode-
2024-12-08T03:30:55: PM2 log: App [server:0] online
2024-12-08T03:31:25: PM2 log: App [server:0] exited with code [1] via signal [SIGINT]
2024-12-08T03:31:25: PM2 log: App [server:0] starting in -fork mode-
2024-12-08T03:31:25: PM2 log: App [server:0] online
2024-12-08T03:31:56: PM2 log: App [server:0] exited with code [1] via signal [SIGINT]
2024-12-08T03:31:56: PM2 log: App [server:0] starting in -fork mode-
2024-12-08T03:31:56: PM2 log: App [server:0] online
2024-12-08T03:32:27: PM2 log: App [server:0] exited with code [1] via signal [SIGINT]
2024-12-08T03:32:27: PM2 log: App [server:0] starting in -fork mode-
2024-12-08T03:32:27: PM2 log: App [server:0] online
2024-12-08T03:32:57: PM2 log: App [server:0] exited with code [1] via signal [SIGINT]
2024-12-08T03:32:57: PM2 log: App [server:0] starting in -fork mode-
2024-12-08T03:32:57: PM2 log: App [server:0] online
2024-12-08T03:33:28: PM2 log: App [server:0] exited with code [1] via signal [SIGINT]
2024-12-08T03:33:28: PM2 log: App [server:0] starting in -fork mode-
2024-12-08T03:33:28: PM2 log: App [server:0] online
2024-12-08T03:33:58: PM2 log: App [server:0] exited with code [1] via signal [SIGINT]
2024-12-08T03:33:58: PM2 log: App [server:0] starting in -fork mode-
2024-12-08T03:33:58: PM2 log: App [server:0] online
2024-12-08T03:34:29: PM2 log: App [server:0] exited with code [1] via signal [SIGINT]
2024-12-08T03:34:29: PM2 log: App [server:0] starting in -fork mode-
2024-12-08T03:34:29: PM2 log: App [server:0] online
2024-12-08T03:35:00: PM2 log: App [server:0] exited with code [1] via signal [SIGINT]
2024-12-08T03:35:00: PM2 log: App [server:0] starting in -fork mode-
2024-12-08T03:35:00: PM2 log: App [server:0] online
2024-12-08T03:35:30: PM2 log: App [server:0] exited with code [1] via signal [SIGINT]
2024-12-08T03:35:30: PM2 log: App [server:0] starting in -fork mode-
2024-12-08T03:35:30: PM2 log: App [server:0] online
2024-12-08T03:36:01: PM2 log: App [server:0] exited with code [1] via signal [SIGINT]
2024-12-08T03:36:01: PM2 log: App [server:0] starting in -fork mode-
2024-12-08T03:36:01: PM2 log: App [server:0] online
2024-12-08T03:36:32: PM2 log: App [server:0] exited with code [1] via signal [SIGINT]
2024-12-08T03:36:32: PM2 log: App [server:0] starting in -fork mode-
2024-12-08T03:36:32: PM2 log: App [server:0] online
2024-12-08T03:37:02: PM2 log: App [server:0] exited with code [1] via signal [SIGINT]
2024-12-08T03:37:02: PM2 log: App [server:0] starting in -fork mode-
2024-12-08T03:37:02: PM2 log: App [server:0] online
2024-12-08T03:37:33: PM2 log: App [server:0] exited with code [1] via signal [SIGINT]
2024-12-08T03:37:33: PM2 log: App [server:0] starting in -fork mode-
2024-12-08T03:37:33: PM2 log: App [server:0] online
2024-12-08T03:38:04: PM2 log: App [server:0] exited with code [1] via signal [SIGINT]
2024-12-08T03:38:04: PM2 log: App [server:0] starting in -fork mode-
2024-12-08T03:38:04: PM2 log: App [server:0] online
2024-12-08T03:38:34: PM2 log: App [server:0] exited with code [1] via signal [SIGINT]
2024-12-08T03:38:34: PM2 log: App [server:0] starting in -fork mode-
2024-12-08T03:38:34: PM2 log: App [server:0] online
2024-12-08T03:39:05: PM2 log: App [server:0] exited with code [1] via signal [SIGINT]
2024-12-08T03:39:05: PM2 log: App [server:0] starting in -fork mode-
2024-12-08T03:39:05: PM2 log: App [server:0] online
2024-12-08T03:39:36: PM2 log: App [server:0] exited with code [1] via signal [SIGINT]
2024-12-08T03:39:36: PM2 log: App [server:0] starting in -fork mode-
2024-12-08T03:39:36: PM2 log: App [server:0] online
2024-12-08T03:40:06: PM2 log: App [server:0] exited with code [1] via signal [SIGINT]
2024-12-08T03:40:06: PM2 log: App [server:0] starting in -fork mode-
2024-12-08T03:40:06: PM2 log: App [server:0] online
2024-12-08T03:40:37: PM2 log: App [server:0] exited with code [1] via signal [SIGINT]
2024-12-08T03:40:37: PM2 log: App [server:0] starting in -fork mode-
2024-12-08T03:40:37: PM2 log: App [server:0] online
2024-12-08T03:41:08: PM2 log: App [server:0] exited with code [1] via signal [SIGINT]
2024-12-08T03:41:08: PM2 log: App [server:0] starting in -fork mode-
2024-12-08T03:41:08: PM2 log: App [server:0] online
2024-12-08T03:41:38: PM2 log: App [server:0] exited with code [1] via signal [SIGINT]
2024-12-08T03:41:38: PM2 log: App [server:0] starting in -fork mode-
2024-12-08T03:41:38: PM2 log: App [server:0] online
2024-12-08T03:42:09: PM2 log: App [server:0] exited with code [1] via signal [SIGINT]
2024-12-08T03:42:09: PM2 log: App [server:0] starting in -fork mode-
2024-12-08T03:42:09: PM2 log: App [server:0] online
2024-12-08T03:42:40: PM2 log: App [server:0] exited with code [1] via signal [SIGINT]
2024-12-08T03:42:40: PM2 log: App [server:0] starting in -fork mode-
2024-12-08T03:42:40: PM2 log: App [server:0] online
2024-12-08T03:43:10: PM2 log: App [server:0] exited with code [1] via signal [SIGINT]
2024-12-08T03:43:10: PM2 log: App [server:0] starting in -fork mode-
2024-12-08T03:43:10: PM2 log: App [server:0] online
2024-12-08T03:43:41: PM2 log: App [server:0] exited with code [1] via signal [SIGINT]
2024-12-08T03:43:41: PM2 log: App [server:0] starting in -fork mode-
2024-12-08T03:43:41: PM2 log: App [server:0] online
2024-12-08T03:44:12: PM2 log: App [server:0] exited with code [1] via signal [SIGINT]
2024-12-08T03:44:12: PM2 log: App [server:0] starting in -fork mode-
2024-12-08T03:44:12: PM2 log: App [server:0] online
2024-12-08T03:44:42: PM2 log: App [server:0] exited with code [1] via signal [SIGINT]
2024-12-08T03:44:42: PM2 log: App [server:0] starting in -fork mode-
2024-12-08T03:44:42: PM2 log: App [server:0] online
2024-12-08T03:45:13: PM2 log: App [server:0] exited with code [1] via signal [SIGINT]
2024-12-08T03:45:13: PM2 log: App [server:0] starting in -fork mode-
2024-12-08T03:45:13: PM2 log: App [server:0] online
2024-12-08T03:45:43: PM2 log: App [server:0] exited with code [1] via signal [SIGINT]
2024-12-08T03:45:43: PM2 log: App [server:0] starting in -fork mode-
2024-12-08T03:45:43: PM2 log: App [server:0] online
2024-12-08T03:46:14: PM2 log: App [server:0] exited with code [1] via signal [SIGINT]
2024-12-08T03:46:14: PM2 log: App [server:0] starting in -fork mode-
2024-12-08T03:46:14: PM2 log: App [server:0] online
2024-12-08T03:46:45: PM2 log: App [server:0] exited with code [1] via signal [SIGINT]
2024-12-08T03:46:45: PM2 log: App [server:0] starting in -fork mode-
2024-12-08T03:46:45: PM2 log: App [server:0] online
2024-12-08T03:47:15: PM2 log: App [server:0] exited with code [1] via signal [SIGINT]
2024-12-08T03:47:15: PM2 log: App [server:0] starting in -fork mode-
2024-12-08T03:47:15: PM2 log: App [server:0] online
2024-12-08T03:47:46: PM2 log: App [server:0] exited with code [1] via signal [SIGINT]
2024-12-08T03:47:46: PM2 log: App [server:0] starting in -fork mode-
2024-12-08T03:47:46: PM2 log: App [server:0] online
2024-12-08T03:48:17: PM2 log: App [server:0] exited with code [1] via signal [SIGINT]
2024-12-08T03:48:17: PM2 log: App [server:0] starting in -fork mode-
2024-12-08T03:48:17: PM2 log: App [server:0] online
2024-12-08T03:48:47: PM2 log: App [server:0] exited with code [1] via signal [SIGINT]
2024-12-08T03:48:47: PM2 log: App [server:0] starting in -fork mode-
2024-12-08T03:48:47: PM2 log: App [server:0] online
2024-12-08T03:49:18: PM2 log: App [server:0] exited with code [1] via signal [SIGINT]
2024-12-08T03:49:18: PM2 log: App [server:0] starting in -fork mode-
2024-12-08T03:49:18: PM2 log: App [server:0] online
2024-12-08T03:49:48: PM2 log: App [server:0] exited with code [1] via signal [SIGINT]
2024-12-08T03:49:48: PM2 log: App [server:0] starting in -fork mode-
2024-12-08T03:49:48: PM2 log: App [server:0] online
2024-12-08T03:50:19: PM2 log: App [server:0] exited with code [1] via signal [SIGINT]
2024-12-08T03:50:19: PM2 log: App [server:0] starting in -fork mode-
2024-12-08T03:50:19: PM2 log: App [server:0] online
2024-12-08T03:50:50: PM2 log: App [server:0] exited with code [1] via signal [SIGINT]
2024-12-08T03:50:50: PM2 log: App [server:0] starting in -fork mode-
2024-12-08T03:50:50: PM2 log: App [server:0] online
2024-12-08T03:51:20: PM2 log: App [server:0] exited with code [1] via signal [SIGINT]
2024-12-08T03:51:20: PM2 log: App [server:0] starting in -fork mode-
2024-12-08T03:51:20: PM2 log: App [server:0] online
2024-12-08T03:51:51: PM2 log: App [server:0] exited with code [1] via signal [SIGINT]
2024-12-08T03:51:51: PM2 log: App [server:0] starting in -fork mode-
2024-12-08T03:51:51: PM2 log: App [server:0] online
2024-12-08T03:52:22: PM2 log: App [server:0] exited with code [1] via signal [SIGINT]
2024-12-08T03:52:22: PM2 log: App [server:0] starting in -fork mode-
2024-12-08T03:52:22: PM2 log: App [server:0] online
2024-12-08T03:52:52: PM2 log: App [server:0] exited with code [1] via signal [SIGINT]
2024-12-08T03:52:52: PM2 log: App [server:0] starting in -fork mode-
2024-12-08T03:52:52: PM2 log: App [server:0] online
2024-12-08T03:53:23: PM2 log: App [server:0] exited with code [1] via signal [SIGINT]
2024-12-08T03:53:23: PM2 log: App [server:0] starting in -fork mode-
2024-12-08T03:53:23: PM2 log: App [server:0] online
2024-12-08T03:53:54: PM2 log: App [server:0] exited with code [1] via signal [SIGINT]
2024-12-08T03:53:54: PM2 log: App [server:0] starting in -fork mode-
2024-12-08T03:53:54: PM2 log: App [server:0] online
2024-12-08T03:54:24: PM2 log: App [server:0] exited with code [1] via signal [SIGINT]
2024-12-08T03:54:24: PM2 log: App [server:0] starting in -fork mode-
2024-12-08T03:54:24: PM2 log: App [server:0] online
2024-12-08T03:54:55: PM2 log: App [server:0] exited with code [1] via signal [SIGINT]
2024-12-08T03:54:55: PM2 log: App [server:0] starting in -fork mode-
2024-12-08T03:54:55: PM2 log: App [server:0] online
2024-12-08T03:55:26: PM2 log: App [server:0] exited with code [1] via signal [SIGINT]
2024-12-08T03:55:26: PM2 log: App [server:0] starting in -fork mode-
2024-12-08T03:55:26: PM2 log: App [server:0] online
2024-12-08T03:55:56: PM2 log: App [server:0] exited with code [1] via signal [SIGINT]
2024-12-08T03:55:56: PM2 log: App [server:0] starting in -fork mode-
2024-12-08T03:55:56: PM2 log: App [server:0] online
2024-12-08T03:56:27: PM2 log: App [server:0] exited with code [1] via signal [SIGINT]
2024-12-08T03:56:27: PM2 log: App [server:0] starting in -fork mode-
2024-12-08T03:56:27: PM2 log: App [server:0] online
2024-12-08T03:56:57: PM2 log: App [server:0] exited with code [1] via signal [SIGINT]
2024-12-08T03:56:57: PM2 log: App [server:0] starting in -fork mode-
2024-12-08T03:56:57: PM2 log: App [server:0] online
2024-12-08T03:57:28: PM2 log: App [server:0] exited with code [1] via signal [SIGINT]
2024-12-08T03:57:28: PM2 log: App [server:0] starting in -fork mode-
2024-12-08T03:57:28: PM2 log: App [server:0] online
2024-12-08T03:57:59: PM2 log: App [server:0] exited with code [1] via signal [SIGINT]
2024-12-08T03:57:59: PM2 log: App [server:0] starting in -fork mode-
2024-12-08T03:57:59: PM2 log: App [server:0] online
2024-12-08T03:58:29: PM2 log: App [server:0] exited with code [1] via signal [SIGINT]
2024-12-08T03:58:29: PM2 log: App [server:0] starting in -fork mode-
2024-12-08T03:58:29: PM2 log: App [server:0] online
2024-12-08T03:59:00: PM2 log: App [server:0] exited with code [1] via signal [SIGINT]
2024-12-08T03:59:00: PM2 log: App [server:0] starting in -fork mode-
2024-12-08T03:59:00: PM2 log: App [server:0] online
2024-12-08T03:59:31: PM2 log: App [server:0] exited with code [1] via signal [SIGINT]
2024-12-08T03:59:31: PM2 log: App [server:0] starting in -fork mode-
2024-12-08T03:59:31: PM2 log: App [server:0] online
2024-12-08T04:00:01: PM2 log: App [server:0] exited with code [1] via signal [SIGINT]
2024-12-08T04:00:01: PM2 log: App [server:0] starting in -fork mode-
2024-12-08T04:00:01: PM2 log: App [server:0] online
2024-12-08T04:00:32: PM2 log: App [server:0] exited with code [1] via signal [SIGINT]
2024-12-08T04:00:32: PM2 log: App [server:0] starting in -fork mode-
2024-12-08T04:00:32: PM2 log: App [server:0] online
2024-12-08T04:01:03: PM2 log: App [server:0] exited with code [1] via signal [SIGINT]
2024-12-08T04:01:03: PM2 log: App [server:0] starting in -fork mode-
2024-12-08T04:01:03: PM2 log: App [server:0] online
2024-12-08T04:01:34: PM2 log: App [server:0] exited with code [1] via signal [SIGINT]
2024-12-08T04:01:34: PM2 log: App [server:0] starting in -fork mode-
2024-12-08T04:01:34: PM2 log: App [server:0] online
2024-12-08T04:02:05: PM2 log: App [server:0] exited with code [1] via signal [SIGINT]
2024-12-08T04:02:05: PM2 log: App [server:0] starting in -fork mode-
2024-12-08T04:02:05: PM2 log: App [server:0] online
2024-12-08T04:02:35: PM2 log: App [server:0] exited with code [1] via signal [SIGINT]
2024-12-08T04:02:35: PM2 log: App [server:0] starting in -fork mode-
2024-12-08T04:02:35: PM2 log: App [server:0] online
2024-12-08T04:03:06: PM2 log: App [server:0] exited with code [1] via signal [SIGINT]
2024-12-08T04:03:06: PM2 log: App [server:0] starting in -fork mode-
2024-12-08T04:03:06: PM2 log: App [server:0] online
2024-12-08T04:03:37: PM2 log: App [server:0] exited with code [1] via signal [SIGINT]
2024-12-08T04:03:37: PM2 log: App [server:0] starting in -fork mode-
2024-12-08T04:03:37: PM2 log: App [server:0] online
2024-12-08T04:04:07: PM2 log: App [server:0] exited with code [1] via signal [SIGINT]
2024-12-08T04:04:07: PM2 log: App [server:0] starting in -fork mode-
2024-12-08T04:04:07: PM2 log: App [server:0] online
2024-12-08T04:04:38: PM2 log: App [server:0] exited with code [1] via signal [SIGINT]
2024-12-08T04:04:38: PM2 log: App [server:0] starting in -fork mode-
2024-12-08T04:04:38: PM2 log: App [server:0] online
2024-12-08T04:05:09: PM2 log: App [server:0] exited with code [1] via signal [SIGINT]
2024-12-08T04:05:09: PM2 log: App [server:0] starting in -fork mode-
2024-12-08T04:05:09: PM2 log: App [server:0] online
2024-12-08T04:05:30: PM2 log: App [server:0] exited with code [0] via signal [SIGKILL]
2024-12-08T04:05:30: PM2 log: App [server:0] starting in -fork mode-
2024-12-08T04:05:30: PM2 log: App [server:0] online
2024-12-08T04:06:01: PM2 log: App [server:0] exited with code [1] via signal [SIGINT]
2024-12-08T04:06:01: PM2 log: App [server:0] starting in -fork mode-
2024-12-08T04:06:01: PM2 log: App [server:0] online
2024-12-08T04:06:15: PM2 log: App [server:0] exited with code [0] via signal [SIGKILL]
2024-12-08T04:06:15: PM2 log: App [server:0] starting in -fork mode-
2024-12-08T04:06:15: PM2 log: App [server:0] online
2024-12-08T04:06:36: PM2 log: App [server:0] exited with code [0] via signal [SIGKILL]
2024-12-08T04:06:36: PM2 log: App [server:0] starting in -fork mode-
2024-12-08T04:06:36: PM2 log: App [server:0] online
2024-12-08T04:06:52: PM2 log: App [server:0] exited with code [0] via signal [SIGKILL]
2024-12-08T04:06:52: PM2 log: App [server:0] starting in -fork mode-
2024-12-08T04:06:52: PM2 log: App [server:0] online
2024-12-08T04:07:23: PM2 log: App [server:0] exited with code [1] via signal [SIGINT]
2024-12-08T04:07:23: PM2 log: App [server:0] starting in -fork mode-
2024-12-08T04:07:23: PM2 log: App [server:0] online
2024-12-08T04:07:52: PM2 log: App [server:0] exited with code [0] via signal [SIGKILL]
2024-12-08T04:07:52: PM2 log: App [server:0] starting in -fork mode-
2024-12-08T04:07:52: PM2 log: App [server:0] online
2024-12-08T04:08:23: PM2 log: App [server:0] exited with code [1] via signal [SIGINT]
2024-12-08T04:08:23: PM2 log: App [server:0] starting in -fork mode-
2024-12-08T04:08:23: PM2 log: App [server:0] online
2024-12-08T04:08:54: PM2 log: App [server:0] exited with code [1] via signal [SIGINT]
2024-12-08T04:08:54: PM2 log: App [server:0] starting in -fork mode-
2024-12-08T04:08:54: PM2 log: App [server:0] online
2024-12-08T04:09:10: PM2 log: pm2 has been killed by signal, dumping process list before exit...
2024-12-08T04:09:10: PM2 log: Deleting process 0
2024-12-08T04:09:10: PM2 log: Stopping app:server id:0
2024-12-08T04:09:10: PM2 log: App [server:0] exited with code [0] via signal [SIGTERM]
2024-12-08T04:09:10: PM2 log: pid=18329 msg=process killed
2024-12-08T04:09:10: PM2 log: Exited peacefully
2024-12-08T06:43:30: PM2 log: ===============================================================================
2024-12-08T06:43:30: PM2 log: --- New PM2 Daemon started ----------------------------------------------------
2024-12-08T06:43:30: PM2 log: Time                 : Sun Dec 08 2024 06:43:30 GMT+0000 (Coordinated Universal Time)
2024-12-08T06:43:30: PM2 log: PM2 version          : 5.4.3
2024-12-08T06:43:30: PM2 log: Node.js version      : 18.19.1
2024-12-08T06:43:30: PM2 log: Current arch         : x64
2024-12-08T06:43:30: PM2 log: PM2 home             : /root/.pm2
2024-12-08T06:43:30: PM2 log: PM2 PID file         : /root/.pm2/pm2.pid
2024-12-08T06:43:30: PM2 log: RPC socket file      : /root/.pm2/rpc.sock
2024-12-08T06:43:30: PM2 log: BUS socket file      : /root/.pm2/pub.sock
2024-12-08T06:43:30: PM2 log: Application log path : /root/.pm2/logs
2024-12-08T06:43:30: PM2 log: Worker Interval      : 30000
2024-12-08T06:43:30: PM2 log: Process dump file    : /root/.pm2/dump.pm2
2024-12-08T06:43:30: PM2 log: Concurrent actions   : 2
2024-12-08T06:43:30: PM2 log: SIGTERM timeout      : 1600
2024-12-08T06:43:30: PM2 log: ===============================================================================
2024-12-08T20:06:34: PM2 log: App [server:0] starting in -fork mode-
2024-12-08T20:06:34: PM2 log: App [server:0] online
2024-12-08T20:06:34: PM2 log: App [server:0] exited with code [1] via signal [SIGINT]
2024-12-08T20:06:34: PM2 log: App [server:0] starting in -fork mode-
2024-12-08T20:06:34: PM2 log: App [server:0] online
2024-12-08T20:06:35: PM2 log: App [server:0] exited with code [1] via signal [SIGINT]
2024-12-08T20:06:35: PM2 log: App [server:0] starting in -fork mode-
2024-12-08T20:06:35: PM2 log: App [server:0] online
2024-12-08T20:06:36: PM2 log: App [server:0] exited with code [1] via signal [SIGINT]
2024-12-08T20:06:36: PM2 log: App [server:0] starting in -fork mode-
2024-12-08T20:06:36: PM2 log: App [server:0] online
2024-12-08T20:06:36: PM2 log: App [server:0] exited with code [1] via signal [SIGINT]
2024-12-08T20:06:36: PM2 log: App [server:0] starting in -fork mode-
2024-12-08T20:06:36: PM2 log: App [server:0] online
2024-12-08T20:06:37: PM2 log: App [server:0] exited with code [1] via signal [SIGINT]
2024-12-08T20:06:37: PM2 log: App [server:0] starting in -fork mode-
2024-12-08T20:06:37: PM2 log: App [server:0] online
2024-12-08T20:06:37: PM2 log: App [server:0] exited with code [1] via signal [SIGINT]
2024-12-08T20:06:37: PM2 log: App [server:0] starting in -fork mode-
2024-12-08T20:06:37: PM2 log: App [server:0] online
2024-12-08T20:06:38: PM2 log: App [server:0] exited with code [1] via signal [SIGINT]
2024-12-08T20:06:38: PM2 log: App [server:0] starting in -fork mode-
2024-12-08T20:06:38: PM2 log: App [server:0] online
2024-12-08T20:06:39: PM2 log: App [server:0] exited with code [1] via signal [SIGINT]
2024-12-08T20:06:39: PM2 log: App [server:0] starting in -fork mode-
2024-12-08T20:06:39: PM2 log: App [server:0] online
2024-12-08T20:06:39: PM2 log: App [server:0] exited with code [1] via signal [SIGINT]
2024-12-08T20:06:39: PM2 log: App [server:0] starting in -fork mode-
2024-12-08T20:06:39: PM2 log: App [server:0] online
2024-12-08T20:06:40: PM2 log: App [server:0] exited with code [1] via signal [SIGINT]
2024-12-08T20:06:40: PM2 log: App [server:0] starting in -fork mode-
2024-12-08T20:06:40: PM2 log: App [server:0] online
2024-12-08T20:06:40: PM2 log: App [server:0] exited with code [1] via signal [SIGINT]
2024-12-08T20:06:40: PM2 log: App [server:0] starting in -fork mode-
2024-12-08T20:06:40: PM2 log: App [server:0] online
2024-12-08T20:06:41: PM2 log: App [server:0] exited with code [1] via signal [SIGINT]
2024-12-08T20:06:41: PM2 log: App [server:0] starting in -fork mode-
2024-12-08T20:06:41: PM2 log: App [server:0] online
2024-12-08T20:06:42: PM2 log: App [server:0] exited with code [1] via signal [SIGINT]
2024-12-08T20:06:42: PM2 log: App [server:0] starting in -fork mode-
2024-12-08T20:06:42: PM2 log: App [server:0] online
2024-12-08T20:06:42: PM2 log: App [server:0] exited with code [1] via signal [SIGINT]
2024-12-08T20:06:42: PM2 log: App [server:0] starting in -fork mode-
2024-12-08T20:06:42: PM2 log: App [server:0] online
2024-12-08T20:06:43: PM2 log: App [server:0] exited with code [1] via signal [SIGINT]
2024-12-08T20:06:43: PM2 log: App [server:0] starting in -fork mode-
2024-12-08T20:06:43: PM2 log: App [server:0] online
2024-12-08T20:06:43: PM2 log: App [server:0] exited with code [1] via signal [SIGINT]
2024-12-08T20:06:43: PM2 log: Script /root/Backendframe/server.js had too many unstable restarts (16). Stopped. "errored"
2024-12-08T20:07:58: PM2 log: App [server:0] starting in -fork mode-
2024-12-08T20:07:58: PM2 log: App [server:0] online
2024-12-08T20:07:59: PM2 log: App [server:0] exited with code [1] via signal [SIGINT]
2024-12-08T20:07:59: PM2 log: App [server:0] starting in -fork mode-
2024-12-08T20:07:59: PM2 log: App [server:0] online
2024-12-08T20:08:00: PM2 log: App [server:0] exited with code [1] via signal [SIGINT]
2024-12-08T20:08:00: PM2 log: App [server:0] starting in -fork mode-
2024-12-08T20:08:00: PM2 log: App [server:0] online
2024-12-08T20:08:00: PM2 log: App [server:0] exited with code [1] via signal [SIGINT]
2024-12-08T20:08:00: PM2 log: App [server:0] starting in -fork mode-
2024-12-08T20:08:00: PM2 log: App [server:0] online
2024-12-08T20:08:01: PM2 log: App [server:0] exited with code [1] via signal [SIGINT]
2024-12-08T20:08:01: PM2 log: App [server:0] starting in -fork mode-
2024-12-08T20:08:01: PM2 log: App [server:0] online
2024-12-08T20:08:02: PM2 log: App [server:0] exited with code [1] via signal [SIGINT]
2024-12-08T20:08:02: PM2 log: App [server:0] starting in -fork mode-
2024-12-08T20:08:02: PM2 log: App [server:0] online
2024-12-08T20:08:02: PM2 log: App [server:0] exited with code [1] via signal [SIGINT]
2024-12-08T20:08:02: PM2 log: App [server:0] starting in -fork mode-
2024-12-08T20:08:02: PM2 log: App [server:0] online
2024-12-08T20:08:03: PM2 log: App [server:0] exited with code [1] via signal [SIGINT]
2024-12-08T20:08:03: PM2 log: App [server:0] starting in -fork mode-
2024-12-08T20:08:03: PM2 log: App [server:0] online
2024-12-08T20:08:04: PM2 log: App [server:0] exited with code [1] via signal [SIGINT]
2024-12-08T20:08:04: PM2 log: App [server:0] starting in -fork mode-
2024-12-08T20:08:04: PM2 log: App [server:0] online
2024-12-08T20:08:04: PM2 log: App [server:0] exited with code [1] via signal [SIGINT]
2024-12-08T20:08:04: PM2 log: App [server:0] starting in -fork mode-
2024-12-08T20:08:04: PM2 log: App [server:0] online
2024-12-08T20:08:05: PM2 log: App [server:0] exited with code [1] via signal [SIGINT]
2024-12-08T20:08:05: PM2 log: App [server:0] starting in -fork mode-
2024-12-08T20:08:05: PM2 log: App [server:0] online
2024-12-08T20:08:06: PM2 log: App [server:0] exited with code [1] via signal [SIGINT]
2024-12-08T20:08:06: PM2 log: App [server:0] starting in -fork mode-
2024-12-08T20:08:06: PM2 log: App [server:0] online
2024-12-08T20:08:06: PM2 log: App [server:0] exited with code [1] via signal [SIGINT]
2024-12-08T20:08:06: PM2 log: App [server:0] starting in -fork mode-
2024-12-08T20:08:06: PM2 log: App [server:0] online
2024-12-08T20:08:07: PM2 log: App [server:0] exited with code [1] via signal [SIGINT]
2024-12-08T20:08:07: PM2 log: App [server:0] starting in -fork mode-
2024-12-08T20:08:07: PM2 log: App [server:0] online
2024-12-08T20:08:07: PM2 log: App [server:0] exited with code [1] via signal [SIGINT]
2024-12-08T20:08:08: PM2 log: App [server:0] starting in -fork mode-
2024-12-08T20:08:08: PM2 log: App [server:0] online
2024-12-08T20:08:08: PM2 log: App [server:0] exited with code [1] via signal [SIGINT]
2024-12-08T20:08:08: PM2 log: App [server:0] starting in -fork mode-
2024-12-08T20:08:08: PM2 log: App [server:0] online
2024-12-08T20:08:09: PM2 log: App [server:0] exited with code [1] via signal [SIGINT]
2024-12-08T20:08:09: PM2 log: Script /root/Backendframe/server.js had too many unstable restarts (16). Stopped. "errored"
2024-12-08T20:31:41: PM2 log: App [server:0] starting in -fork mode-
2024-12-08T20:31:41: PM2 log: App [server:0] online
2024-12-08T20:31:41: PM2 log: App [server:0] exited with code [1] via signal [SIGINT]
2024-12-08T20:31:41: PM2 log: App [server:0] starting in -fork mode-
2024-12-08T20:31:41: PM2 log: App [server:0] online
2024-12-08T20:31:42: PM2 log: App [server:0] exited with code [1] via signal [SIGINT]
2024-12-08T20:31:42: PM2 log: App [server:0] starting in -fork mode-
2024-12-08T20:31:42: PM2 log: App [server:0] online
2024-12-08T20:31:43: PM2 log: App [server:0] exited with code [1] via signal [SIGINT]
2024-12-08T20:31:43: PM2 log: App [server:0] starting in -fork mode-
2024-12-08T20:31:43: PM2 log: App [server:0] online
2024-12-08T20:31:43: PM2 log: App [server:0] exited with code [1] via signal [SIGINT]
2024-12-08T20:31:43: PM2 log: App [server:0] starting in -fork mode-
2024-12-08T20:31:43: PM2 log: App [server:0] online
2024-12-08T20:31:44: PM2 log: App [server:0] exited with code [1] via signal [SIGINT]
2024-12-08T20:31:44: PM2 log: App [server:0] starting in -fork mode-
2024-12-08T20:31:44: PM2 log: App [server:0] online
2024-12-08T20:31:44: PM2 log: App [server:0] exited with code [1] via signal [SIGINT]
2024-12-08T20:31:44: PM2 log: App [server:0] starting in -fork mode-
2024-12-08T20:31:44: PM2 log: App [server:0] online
2024-12-08T20:31:45: PM2 log: App [server:0] exited with code [1] via signal [SIGINT]
2024-12-08T20:31:45: PM2 log: App [server:0] starting in -fork mode-
2024-12-08T20:31:45: PM2 log: App [server:0] online
2024-12-08T20:31:46: PM2 log: App [server:0] exited with code [1] via signal [SIGINT]
2024-12-08T20:31:46: PM2 log: App [server:0] starting in -fork mode-
2024-12-08T20:31:46: PM2 log: App [server:0] online
2024-12-08T20:31:46: PM2 log: App [server:0] exited with code [1] via signal [SIGINT]
2024-12-08T20:31:46: PM2 log: App [server:0] starting in -fork mode-
2024-12-08T20:31:46: PM2 log: App [server:0] online
2024-12-08T20:31:47: PM2 log: App [server:0] exited with code [1] via signal [SIGINT]
2024-12-08T20:31:47: PM2 log: App [server:0] starting in -fork mode-
2024-12-08T20:31:47: PM2 log: App [server:0] online
2024-12-08T20:31:47: PM2 log: App [server:0] exited with code [1] via signal [SIGINT]
2024-12-08T20:31:47: PM2 log: App [server:0] starting in -fork mode-
2024-12-08T20:31:47: PM2 log: App [server:0] online
2024-12-08T20:31:48: PM2 log: App [server:0] exited with code [1] via signal [SIGINT]
2024-12-08T20:31:48: PM2 log: App [server:0] starting in -fork mode-
2024-12-08T20:31:48: PM2 log: App [server:0] online
2024-12-08T20:31:49: PM2 log: App [server:0] exited with code [1] via signal [SIGINT]
2024-12-08T20:31:49: PM2 log: App [server:0] starting in -fork mode-
2024-12-08T20:31:49: PM2 log: App [server:0] online
2024-12-08T20:31:49: PM2 log: App [server:0] exited with code [1] via signal [SIGINT]
2024-12-08T20:31:49: PM2 log: App [server:0] starting in -fork mode-
2024-12-08T20:31:49: PM2 log: App [server:0] online
2024-12-08T20:31:50: PM2 log: App [server:0] exited with code [1] via signal [SIGINT]
2024-12-08T20:31:50: PM2 log: App [server:0] starting in -fork mode-
2024-12-08T20:31:50: PM2 log: App [server:0] online
2024-12-08T20:31:50: PM2 log: App [server:0] exited with code [1] via signal [SIGINT]
2024-12-08T20:31:50: PM2 log: Script /root/Backendframe/server.js had too many unstable restarts (16). Stopped. "errored"
2024-12-08T20:42:13: PM2 log: App [server:0] starting in -fork mode-
2024-12-08T20:42:13: PM2 log: App [server:0] online
2024-12-08T20:42:14: PM2 log: App [server:0] exited with code [1] via signal [SIGINT]
2024-12-08T20:42:14: PM2 log: App [server:0] starting in -fork mode-
2024-12-08T20:42:14: PM2 log: App [server:0] online
2024-12-08T20:42:14: PM2 log: App [server:0] exited with code [1] via signal [SIGINT]
2024-12-08T20:42:14: PM2 log: App [server:0] starting in -fork mode-
2024-12-08T20:42:14: PM2 log: App [server:0] online
2024-12-08T20:42:15: PM2 log: App [server:0] exited with code [1] via signal [SIGINT]
2024-12-08T20:42:15: PM2 log: App [server:0] starting in -fork mode-
2024-12-08T20:42:15: PM2 log: App [server:0] online
2024-12-08T20:42:15: PM2 log: App [server:0] exited with code [1] via signal [SIGINT]
2024-12-08T20:42:15: PM2 log: App [server:0] starting in -fork mode-
2024-12-08T20:42:15: PM2 log: App [server:0] online
2024-12-08T20:42:16: PM2 log: App [server:0] exited with code [1] via signal [SIGINT]
2024-12-08T20:42:16: PM2 log: App [server:0] starting in -fork mode-
2024-12-08T20:42:16: PM2 log: App [server:0] online
2024-12-08T20:42:17: PM2 log: App [server:0] exited with code [1] via signal [SIGINT]
2024-12-08T20:42:17: PM2 log: App [server:0] starting in -fork mode-
2024-12-08T20:42:17: PM2 log: App [server:0] online
2024-12-08T20:42:17: PM2 log: App [server:0] exited with code [1] via signal [SIGINT]
2024-12-08T20:42:17: PM2 log: App [server:0] starting in -fork mode-
2024-12-08T20:42:17: PM2 log: App [server:0] online
2024-12-08T20:42:18: PM2 log: App [server:0] exited with code [1] via signal [SIGINT]
2024-12-08T20:42:18: PM2 log: App [server:0] starting in -fork mode-
2024-12-08T20:42:18: PM2 log: App [server:0] online
2024-12-08T20:42:18: PM2 log: App [server:0] exited with code [1] via signal [SIGINT]
2024-12-08T20:42:18: PM2 log: App [server:0] starting in -fork mode-
2024-12-08T20:42:18: PM2 log: App [server:0] online
2024-12-08T20:42:19: PM2 log: App [server:0] exited with code [1] via signal [SIGINT]
2024-12-08T20:42:19: PM2 log: App [server:0] starting in -fork mode-
2024-12-08T20:42:19: PM2 log: App [server:0] online
2024-12-08T20:42:20: PM2 log: App [server:0] exited with code [1] via signal [SIGINT]
2024-12-08T20:42:20: PM2 log: App [server:0] starting in -fork mode-
2024-12-08T20:42:20: PM2 log: App [server:0] online
2024-12-08T20:42:20: PM2 log: App [server:0] exited with code [1] via signal [SIGINT]
2024-12-08T20:42:20: PM2 log: App [server:0] starting in -fork mode-
2024-12-08T20:42:20: PM2 log: App [server:0] online
2024-12-08T20:42:21: PM2 log: App [server:0] exited with code [1] via signal [SIGINT]
2024-12-08T20:42:21: PM2 log: App [server:0] starting in -fork mode-
2024-12-08T20:42:21: PM2 log: App [server:0] online
2024-12-08T20:42:21: PM2 log: App [server:0] exited with code [1] via signal [SIGINT]
2024-12-08T20:42:21: PM2 log: App [server:0] starting in -fork mode-
2024-12-08T20:42:21: PM2 log: App [server:0] online
2024-12-08T20:42:22: PM2 log: App [server:0] exited with code [1] via signal [SIGINT]
2024-12-08T20:42:22: PM2 log: App [server:0] starting in -fork mode-
2024-12-08T20:42:22: PM2 log: App [server:0] online
2024-12-08T20:42:23: PM2 log: App [server:0] exited with code [1] via signal [SIGINT]
2024-12-08T20:42:23: PM2 log: Script /root/Backendframe/server.js had too many unstable restarts (16). Stopped. "errored"
2024-12-18T02:05:32: PM2 log: pm2 has been killed by signal, dumping process list before exit...
2024-12-18T02:05:32: PM2 log: Deleting process 0
2024-12-18T02:05:32: PM2 log: Stopping app:server id:0
2024-12-18T02:05:32: PM2 error: app=server id=0 does not have a pid
2024-12-18T02:05:32: PM2 log: Exited peacefully
